<?xml version="1.0" encoding="UTF-8"?>
<!-- Generated by org.testng.reporters.JUnitXMLReporter -->
<testsuite hostname="user-P5K" ignored="0" name="Сортировка аптек по различным признакам" tests="7" failures="0" timestamp="10 Apr 2017 13:01:05 GMT" time="11.274" errors="0">
  <testcase name="showWorkHours" time="2.034" classname="tests.AptekaTabTests"/>
  <testcase name="sortForOstatokAscending" time="0.784" classname="tests.AptekaTabTests"/>
  <testcase name="sortForOstatokDescending" time="0.702" classname="tests.AptekaTabTests"/>
  <testcase name="sortForPriceAscending" time="0.89" classname="tests.AptekaTabTests"/>
  <testcase name="sortForPriceDescending" time="0.708" classname="tests.AptekaTabTests"/>
  <testcase name="sortForTimeAscending" time="1.13" classname="tests.AptekaTabTests"/>
  <testcase name="sortForTimeDescending" time="1.051" classname="tests.AptekaTabTests"/>
</testsuite> <!-- Сортировка аптек по различным признакам -->
