<?xml version="1.0" encoding="UTF-8"?>
<testng-results skipped="0" failed="0" ignored="0" total="8" passed="8">
  <reporter-output>
  </reporter-output>
  <suite name="GeoApteka" duration-ms="19716" started-at="2017-04-10T14:38:12Z" finished-at="2017-04-10T14:38:31Z">
    <groups>
    </groups>
    <test name="Проверка списка аптек" duration-ms="8040" started-at="2017-04-10T14:38:12Z" finished-at="2017-04-10T14:38:20Z">
      <class name="tests.PharmacyTabTest">
        <test-method status="PASS" signature="setUp()[pri:0, instance:tests.PharmacyTabTest@6fde6f05]" name="setUp" is-config="true" duration-ms="6718" started-at="2017-04-10T17:38:12Z" finished-at="2017-04-10T17:38:18Z">
          <reporter-output>
          </reporter-output>
        </test-method> <!-- setUp -->
        <test-method status="PASS" signature="checkPresenceOfElements()[pri:0, instance:tests.PharmacyTabTest@6fde6f05]" name="checkPresenceOfElements" duration-ms="1138" started-at="2017-04-10T17:38:18Z" finished-at="2017-04-10T17:38:19Z">
          <reporter-output>
          </reporter-output>
        </test-method> <!-- checkPresenceOfElements -->
        <test-method status="PASS" signature="tearDown()[pri:0, instance:tests.PharmacyTabTest@6fde6f05]" name="tearDown" is-config="true" duration-ms="77" started-at="2017-04-10T17:38:19Z" finished-at="2017-04-10T17:38:20Z">
          <reporter-output>
          </reporter-output>
        </test-method> <!-- tearDown -->
      </class> <!-- tests.PharmacyTabTest -->
    </test> <!-- Проверка списка аптек -->
    <test name="Сортировка аптек по различным признакам" duration-ms="11563" started-at="2017-04-10T14:38:20Z" finished-at="2017-04-10T14:38:31Z">
      <class name="tests.AptekaTabTests">
        <test-method status="PASS" signature="setUp()[pri:0, instance:tests.AptekaTabTests@78eafad]" name="setUp" is-config="true" duration-ms="4034" started-at="2017-04-10T17:38:20Z" finished-at="2017-04-10T17:38:24Z">
          <reporter-output>
          </reporter-output>
        </test-method> <!-- setUp -->
        <test-method status="PASS" signature="showWorkHours()[pri:0, instance:tests.AptekaTabTests@78eafad]" name="showWorkHours" duration-ms="2058" started-at="2017-04-10T17:38:24Z" finished-at="2017-04-10T17:38:26Z">
          <reporter-output>
          </reporter-output>
        </test-method> <!-- showWorkHours -->
        <test-method status="PASS" signature="sortForOstatokAscending()[pri:0, instance:tests.AptekaTabTests@78eafad]" name="sortForOstatokAscending" duration-ms="863" started-at="2017-04-10T17:38:26Z" finished-at="2017-04-10T17:38:27Z">
          <reporter-output>
          </reporter-output>
        </test-method> <!-- sortForOstatokAscending -->
        <test-method status="PASS" signature="sortForOstatokDescending()[pri:0, instance:tests.AptekaTabTests@78eafad]" name="sortForOstatokDescending" duration-ms="708" started-at="2017-04-10T17:38:27Z" finished-at="2017-04-10T17:38:27Z">
          <reporter-output>
          </reporter-output>
        </test-method> <!-- sortForOstatokDescending -->
        <test-method status="PASS" signature="sortForPriceAscending()[pri:0, instance:tests.AptekaTabTests@78eafad]" name="sortForPriceAscending" duration-ms="906" started-at="2017-04-10T17:38:27Z" finished-at="2017-04-10T17:38:28Z">
          <reporter-output>
          </reporter-output>
        </test-method> <!-- sortForPriceAscending -->
        <test-method status="PASS" signature="sortForPriceDescending()[pri:0, instance:tests.AptekaTabTests@78eafad]" name="sortForPriceDescending" duration-ms="698" started-at="2017-04-10T17:38:28Z" finished-at="2017-04-10T17:38:29Z">
          <reporter-output>
          </reporter-output>
        </test-method> <!-- sortForPriceDescending -->
        <test-method status="PASS" signature="sortForTimeAscending()[pri:0, instance:tests.AptekaTabTests@78eafad]" name="sortForTimeAscending" duration-ms="1179" started-at="2017-04-10T17:38:29Z" finished-at="2017-04-10T17:38:30Z">
          <reporter-output>
          </reporter-output>
        </test-method> <!-- sortForTimeAscending -->
        <test-method status="PASS" signature="sortForTimeDescending()[pri:0, instance:tests.AptekaTabTests@78eafad]" name="sortForTimeDescending" duration-ms="1043" started-at="2017-04-10T17:38:30Z" finished-at="2017-04-10T17:38:31Z">
          <reporter-output>
          </reporter-output>
        </test-method> <!-- sortForTimeDescending -->
        <test-method status="PASS" signature="tearDown()[pri:0, instance:tests.AptekaTabTests@78eafad]" name="tearDown" is-config="true" duration-ms="69" started-at="2017-04-10T17:38:31Z" finished-at="2017-04-10T17:38:31Z">
          <reporter-output>
          </reporter-output>
        </test-method> <!-- tearDown -->
      </class> <!-- tests.AptekaTabTests -->
    </test> <!-- Сортировка аптек по различным признакам -->
  </suite> <!-- GeoApteka -->
</testng-results>
